[01m[K/home/fabio/catkin_ws/src/ROS/src/talker.cpp:[m[K In function â€˜[01m[Kvoid move(double, double, bool)[m[Kâ€™:
[01m[K/home/fabio/catkin_ws/src/ROS/src/talker.cpp:25:3:[m[K [01;31m[Kerror: [m[Kâ€˜[01m[Kvelocity_publisher[m[Kâ€™ was not declared in this scope
   [01;31m[Kvelocity_publisher[m[K.publish(vel_msg);
   [01;31m[K^~~~~~~~~~~~~~~~~~[m[K
make[2]: *** [CMakeFiles/talker.dir/src/talker.cpp.o] Error 1
make[1]: *** [CMakeFiles/talker.dir/all] Error 2
make: *** [all] Error 2
