[01m[K/home/fabio/catkin_ws/src/ROS/src/talker.cpp:[m[K In function â€˜[01m[Kint main(int, char**)[m[Kâ€™:
[01m[K/home/fabio/catkin_ws/src/ROS/src/talker.cpp:59:29:[m[K [01;31m[Kerror: [m[Kno match for call to â€˜[01m[K(ros::Rate) (double)[m[Kâ€™
  /*ros::Rate*/ loop_rate(0.5[01;31m[K)[m[K;
                             [01;31m[K^[m[K
make[2]: *** [CMakeFiles/talker.dir/src/talker.cpp.o] Error 1
make[1]: *** [CMakeFiles/talker.dir/all] Error 2
make: *** [all] Error 2
