[01m[K/home/fabio/catkin_ws/src/ROS/src/talker.cpp:[m[K In function â€˜[01m[Kvoid poseCallback(const PoseConstPtr&)[m[Kâ€™:
[01m[K/home/fabio/catkin_ws/src/ROS/src/talker.cpp:61:3:[m[K [01;31m[Kerror: [m[Kâ€˜[01m[Kg_pose[m[Kâ€™ was not declared in this scope
   [01;31m[Kg_pose[m[K = pose;
   [01;31m[K^~~~~~[m[K
[01m[K/home/fabio/catkin_ws/src/ROS/src/talker.cpp:61:3:[m[K [01;36m[Knote: [m[Ksuggested alternative: â€˜[01m[Kpose[m[Kâ€™
   [01;36m[Kg_pose[m[K = pose;
   [01;36m[K^~~~~~[m[K
   [32m[Kpose[m[K
make[2]: *** [CMakeFiles/talker.dir/src/talker.cpp.o] Error 1
make[1]: *** [CMakeFiles/talker.dir/all] Error 2
make: *** [all] Error 2
