[01m[K/home/fabio/catkin_ws/src/ROS/src/talker.cpp:[m[K In function â€˜[01m[Kvoid poseCallback(const PoseConstPtr&)[m[Kâ€™:
[01m[K/home/fabio/catkin_ws/src/ROS/src/talker.cpp:63:3:[m[K [01;31m[Kerror: [m[Kâ€˜[01m[Kcout[m[Kâ€™ was not declared in this scope
   [01;31m[Kcout[m[K << "Pose: " << g_pose;
   [01;31m[K^~~~[m[K
[01m[K/home/fabio/catkin_ws/src/ROS/src/talker.cpp:63:3:[m[K [01;36m[Knote: [m[Ksuggested alternative:
In file included from [01m[K/opt/ros/melodic/include/ros/time.h:54:0[m[K,
                 from [01m[K/opt/ros/melodic/include/ros/ros.h:38[m[K,
                 from [01m[K/home/fabio/catkin_ws/src/ROS/src/talker.cpp:1[m[K:
[01m[K/usr/include/c++/7/iostream:61:18:[m[K [01;36m[Knote: [m[K  â€˜[01m[Kstd::cout[m[Kâ€™
   extern ostream [01;36m[Kcout[m[K;  /// Linked to standard output
                  [01;36m[K^~~~[m[K
make[2]: *** [CMakeFiles/talker.dir/src/talker.cpp.o] Error 1
make[1]: *** [CMakeFiles/talker.dir/all] Error 2
make: *** [all] Error 2
