[01m[K/home/fabio/catkin_ws/src/ROS/src/talker.cpp:[m[K In function â€˜[01m[Kint main(int, char**)[m[Kâ€™:
[01m[K/home/fabio/catkin_ws/src/ROS/src/talker.cpp:25:61:[m[K [01;31m[Kerror: [m[Kâ€˜[01m[KposeCallback[m[Kâ€™ was not declared in this scope
   ros::Subscriber pose_sub = n.subscribe("turtle1/pose", 1, [01;31m[KposeCallback[m[K);
                                                             [01;31m[K^~~~~~~~~~~~[m[K
make[2]: *** [CMakeFiles/talker.dir/src/talker.cpp.o] Error 1
make[1]: *** [CMakeFiles/talker.dir/all] Error 2
make: *** [all] Error 2
